1574895722955:exit
1574897028569:config add --alias currency --source https://api.exchangeratesapi.io/latest
1574897034152:select * from currency
1574897059779:select rates.CAD,base,date from currency;
1574897069454:select rates.CAD,base,date from currency
1574897353293:select rates.CAD,base,date from currency where rates.BRL=4.6743
1574897393439:select rates.CAD,base,date from currency where 4.6743=rates.BRL
1574897408747:select rates.CAD,base,date from currency where 4.674=rates.BRL
1574897458413:select rates.CAD,base,date from currency where rates.BRL=4.6743
1574897481550:config add --alias currency --source https://api.exchangeratesapi.io/latest
1574897525387:select * from currency where rates.BRL=12
1574897596979:select rates.BRL from currency where rates.BRL=12
1574897841499:config add --alias currency --source https://api.exchangeratesapi.io/latest
1574897859530:select rates.BRL from currency where $rates.BRL=12
1574897919715:select rates.BRL from currency where $rates.BRL=4.6743
1574897961868:select rates.BRL from currency where 4.6743=$rates.BRL
1574898305777:config add --alias currency --source https://api.exchangeratesapi.io/latest
1574898335748:select rates.CAD from currency where $header.a=a
1574898372000:select rates.CAD from currency where $header.a=a and $rates.BRL = 7.1
1574898391422:select rates.CAD from currency where $header.a=a and $rates.BRL=7.1
1574898422800:select rates.CAD from currency where "$header.a=a and $rates.BRL=7.1"
1574898501668:select rates.CAD from currency where "$header.a=a and $rates.BRL=4.6743"
1574899402591:config add --alias currency --source https://api.exchangeratesapi.io/latest
1574899418259:select base from currency
1574899464432:config add --alias currency --source https://api.exchangeratesapi.io/latest
1574899472061:select base from currency
1574899534933:select base from currency where $base=US
1574899618364:config add --alias currency --source https://api.exchangeratesapi.io/latest
1574899651711:select base from currency
1574899665179:select base from currency where $base=100
1574899791488:config add --alias currency --source https://api.exchangeratesapi.io/latest
1574899806492:select base from currency
1574899817759:select base from currency where $base=10
1574899882064:config add --alias country --source https://restcountries.eu/rest/v2/all
1574899895217:select name from country
1574899923325:select * from country where $name=Afghanistan
1574900056598:select name from country where $name=Afghanistan
1574900085838:select name from country
1574901020625:config add --alias country --source https://restcountries.eu/rest/v2/all
1574901027166:select name from country
1574901060597:select name,capital from country
1574901087473:select name,capital from country where $name=India
1574901242602:config add --alias currency --source https://api.exchangeratesapi.io/latest
1574901249757:select * from currency
1574901270486:select rates.CAD,rates.HKD from currency
1574901289935:select rates.CAD,rates.HKD from currency where $base=EOP
1574901355828:select rates.CAD,rates.HKD from currency where $path.value=1
1574901463754:select rates.CAD,rates.HKD from currency where $value=1
1574967548780:exit
1574970785233:config add --alias currency --source https://api.exchangeratesapi.io/latest
1574970793495:select * from currency
1574970821172:select rates.CAD from currency where rates.CAD=1.46
1574970906500:select rates.CAD from currency where rates.CAD=1.4625
1574970933783:select rates.CAD,base,date from currency where rates.CAD=1.4625
1574970984856:select rates.CAD,base,date from currency where rates.CAD=rates.CAD
1574971004497:select rates.CAD,base,date from currency where rates.CAD=rates.ISK
1574971016759:select rates.CAD,base,date from currency where rates.CAD=rates.IS
1574971794038:clear
1574971796206:config add --alias time --source http://worldclockapi.com/api/json/est/now
1574971810229:select currentDateTime,currentFileTime from time
1574973450376:config add --alias time --source http://worldclockapi.com/api/json/est/now
1574973457400:select currentDateTime,currentFileTime from time
1574973467251:select currentDateTime,currentFileTime from time export test
1574974025261:select currentDateTime,currentFileTime from time
1574974031682:config add --alias time --source http://worldclockapi.com/api/json/est/now
1574974037651:select currentDateTime,currentFileTime from time
1574974067897:select currentDateTime,currentFileTime from time export abc
1574974099246:select currentDateTime,currentFileTime from time export "C:\\myfolder\\data"
1574974185804:select currentDateTime,currentFileTime from time export "C:/myfolder/data"
1574978095299:config add --alias time --source http://worldclockapi.com/api/json/est/now
1574978100888:select currentDateTime,currentFileTime from time
1574978123958:select currentDateTime,currentFileTime from time export C:/myfolder/data
1574978363823:config add --alias time --source http://worldclockapi.com/api/json/est/now
1574978369382:select currentDateTime,currentFileTime from time export C:/myfolder/data
1574978474751:config add --alias time --source http://worldclockapi.com/api/json/est/now
1574978482022:select currentDateTime,currentFileTime from time export C:/myfolder/data
1574978547309:config add --alias country --source https://restcountries.eu/rest/v2/all
1574978604646:select name,capital from country export C:/myfolder/data
